Traceback (most recent call last):
  File "/home/qiusheng/.conda/envs/book/lib/python3.8/site-packages/jupyter_cache/executors/utils.py", line 51, in single_nb_execution
    executenb(
  File "/home/qiusheng/.conda/envs/book/lib/python3.8/site-packages/nbclient/client.py", line 1112, in execute
    return NotebookClient(nb=nb, resources=resources, km=km, **kwargs).execute()
  File "/home/qiusheng/.conda/envs/book/lib/python3.8/site-packages/nbclient/util.py", line 74, in wrapped
    return just_run(coro(*args, **kwargs))
  File "/home/qiusheng/.conda/envs/book/lib/python3.8/site-packages/nbclient/util.py", line 53, in just_run
    return loop.run_until_complete(coro)
  File "/home/qiusheng/.conda/envs/book/lib/python3.8/asyncio/base_events.py", line 616, in run_until_complete
    return future.result()
  File "/home/qiusheng/.conda/envs/book/lib/python3.8/site-packages/nbclient/client.py", line 553, in async_execute
    await self.async_execute_cell(
  File "/home/qiusheng/.conda/envs/book/lib/python3.8/site-packages/nbclient/client.py", line 857, in async_execute_cell
    self._check_raise_for_error(cell, exec_reply)
  File "/home/qiusheng/.conda/envs/book/lib/python3.8/site-packages/nbclient/client.py", line 760, in _check_raise_for_error
    raise CellExecutionError.from_cell_and_msg(cell, exec_reply_content)
nbclient.exceptions.CellExecutionError: An error occurred while executing the following cell:
------------------
import pandas as pd
pd.DataFrame([['hi', 'there'], ['this', 'is'], ['a', 'DataFrame']], columns=['Word A', 'Word B'])
------------------

[0;31m---------------------------------------------------------------------------[0m
[0;31mModuleNotFoundError[0m                       Traceback (most recent call last)
[0;32m<ipython-input-6-43be650fd0c4>[0m in [0;36m<module>[0;34m[0m
[0;32m----> 1[0;31m [0;32mimport[0m [0mpandas[0m [0;32mas[0m [0mpd[0m[0;34m[0m[0;34m[0m[0m
[0m[1;32m      2[0m [0mpd[0m[0;34m.[0m[0mDataFrame[0m[0;34m([0m[0;34m[[0m[0;34m[[0m[0;34m'hi'[0m[0;34m,[0m [0;34m'there'[0m[0;34m][0m[0;34m,[0m [0;34m[[0m[0;34m'this'[0m[0;34m,[0m [0;34m'is'[0m[0;34m][0m[0;34m,[0m [0;34m[[0m[0;34m'a'[0m[0;34m,[0m [0;34m'DataFrame'[0m[0;34m][0m[0;34m][0m[0;34m,[0m [0mcolumns[0m[0;34m=[0m[0;34m[[0m[0;34m'Word A'[0m[0;34m,[0m [0;34m'Word B'[0m[0;34m][0m[0;34m)[0m[0;34m[0m[0;34m[0m[0m

[0;31mModuleNotFoundError[0m: No module named 'pandas'
ModuleNotFoundError: No module named 'pandas'

